2021-11-18 20:19:47.917050: W tensorflow/stream_executor/platform/default/dso_loader.cc:64] Could not load dynamic library 'libcudart.so.11.0'; dlerror: libcudart.so.11.0: cannot open shared object file: No such file or directory
2021-11-18 20:19:47.917086: I tensorflow/stream_executor/cuda/cudart_stub.cc:29] Ignore above cudart dlerror if you do not have a GPU set up on your machine.
2021-11-18 20:19:53.033540: I tensorflow/core/platform/cpu_feature_guard.cc:151] This TensorFlow binary is optimized with oneAPI Deep Neural Network Library (oneDNN) to use the following CPU instructions in performance-critical operations:  AVX2 AVX512F FMA
To enable them in other operations, rebuild TensorFlow with the appropriate compiler flags.
2021-11-18 20:19:53.088357: W tensorflow/stream_executor/platform/default/dso_loader.cc:64] Could not load dynamic library 'libcudart.so.11.0'; dlerror: libcudart.so.11.0: cannot open shared object file: No such file or directory
2021-11-18 20:19:53.089167: W tensorflow/stream_executor/platform/default/dso_loader.cc:64] Could not load dynamic library 'libcublas.so.11'; dlerror: libcublas.so.11: cannot open shared object file: No such file or directory
2021-11-18 20:19:53.089642: W tensorflow/stream_executor/platform/default/dso_loader.cc:64] Could not load dynamic library 'libcublasLt.so.11'; dlerror: libcublasLt.so.11: cannot open shared object file: No such file or directory
2021-11-18 20:19:53.089974: W tensorflow/stream_executor/platform/default/dso_loader.cc:64] Could not load dynamic library 'libcufft.so.10'; dlerror: libcufft.so.10: cannot open shared object file: No such file or directory
2021-11-18 20:19:53.090313: W tensorflow/stream_executor/platform/default/dso_loader.cc:64] Could not load dynamic library 'libcurand.so.10'; dlerror: libcurand.so.10: cannot open shared object file: No such file or directory
2021-11-18 20:19:53.090649: W tensorflow/stream_executor/platform/default/dso_loader.cc:64] Could not load dynamic library 'libcusolver.so.11'; dlerror: libcusolver.so.11: cannot open shared object file: No such file or directory
2021-11-18 20:19:53.090972: W tensorflow/stream_executor/platform/default/dso_loader.cc:64] Could not load dynamic library 'libcusparse.so.11'; dlerror: libcusparse.so.11: cannot open shared object file: No such file or directory
2021-11-18 20:19:53.091291: W tensorflow/stream_executor/platform/default/dso_loader.cc:64] Could not load dynamic library 'libcudnn.so.8'; dlerror: libcudnn.so.8: cannot open shared object file: No such file or directory
2021-11-18 20:19:53.091309: W tensorflow/core/common_runtime/gpu/gpu_device.cc:1850] Cannot dlopen some GPU libraries. Please make sure the missing libraries mentioned above are installed properly if you would like to use GPU. Follow the guide at https://www.tensorflow.org/install/gpu for how to download and setup the required libraries for your platform.
Skipping registering GPU devices...
Number of points:  102826
2021-11-18 20:19:54.016312: W tensorflow/core/common_runtime/gpu/gpu_device.cc:1850] Cannot dlopen some GPU libraries. Please make sure the missing libraries mentioned above are installed properly if you would like to use GPU. Follow the guide at https://www.tensorflow.org/install/gpu for how to download and setup the required libraries for your platform.
Skipping registering GPU devices...
epoch:  0
epoch:  100
epoch:  200
epoch:  300
epoch:  400
epoch:  500
epoch:  600
epoch:  700
epoch:  800
epoch:  900
epoch:  1000
epoch:  1100
epoch:  1200
epoch:  1300
epoch:  1400
epoch:  1500
epoch:  1600
epoch:  1700
epoch:  1800
epoch:  1900
epoch:  2000
epoch:  2100
epoch:  2200
epoch:  2300
epoch:  2400
epoch:  2500
epoch:  2600
epoch:  2700
epoch:  2800
epoch:  2900
epoch:  3000
epoch:  3100
epoch:  3200
epoch:  3300
epoch:  3400
epoch:  3500
epoch:  3600
epoch:  3700
epoch:  3800
epoch:  3900
epoch:  4000
epoch:  4100
epoch:  4200
epoch:  4300
epoch:  4400
epoch:  4500
epoch:  4600
epoch:  4700
epoch:  4800
epoch:  4900
epoch:  5000
epoch:  5100
epoch:  5200
epoch:  5300
epoch:  5400
epoch:  5500
epoch:  5600
epoch:  5700
epoch:  5800
epoch:  5900
epoch:  6000
epoch:  6100
epoch:  6200
epoch:  6300
epoch:  6400
epoch:  6500
epoch:  6600
epoch:  6700
epoch:  6800
epoch:  6900
epoch:  7000
epoch:  7100
epoch:  7200
epoch:  7300
epoch:  7400
epoch:  7500
epoch:  7600
epoch:  7700
epoch:  7800
epoch:  7900
epoch:  8000
epoch:  8100
epoch:  8200
epoch:  8300
epoch:  8400
epoch:  8500
epoch:  8600
epoch:  8700
epoch:  8800
epoch:  8900
epoch:  9000
epoch:  9100
epoch:  9200
epoch:  9300
epoch:  9400
epoch:  9500
epoch:  9600
epoch:  9700
epoch:  9800
epoch:  9900
epoch:  0
epoch:  100
epoch:  200
epoch:  300
epoch:  400
epoch:  500
epoch:  600
epoch:  700
epoch:  800
epoch:  900
epoch:  1000
epoch:  1100
epoch:  1200
epoch:  1300
epoch:  1400
epoch:  1500
epoch:  1600
epoch:  1700
epoch:  1800
epoch:  1900
epoch:  2000
epoch:  2100
epoch:  2200
epoch:  2300
epoch:  2400
epoch:  2500
epoch:  2600
epoch:  2700
epoch:  2800
epoch:  2900
epoch:  3000
epoch:  3100
epoch:  3200
epoch:  3300
epoch:  3400
epoch:  3500
epoch:  3600
epoch:  3700
epoch:  3800
epoch:  3900
epoch:  4000
epoch:  4100
epoch:  4200
epoch:  4300
epoch:  4400
epoch:  4500
epoch:  4600
epoch:  4700
epoch:  4800
epoch:  4900
epoch:  5000
epoch:  5100
epoch:  5200
epoch:  5300
epoch:  5400
epoch:  5500
epoch:  5600
epoch:  5700
epoch:  5800
epoch:  5900
epoch:  6000
epoch:  6100
epoch:  6200
epoch:  6300
epoch:  6400
epoch:  6500
epoch:  6600
epoch:  6700
epoch:  6800
epoch:  6900
epoch:  7000
epoch:  7100
epoch:  7200
epoch:  7300
epoch:  7400
epoch:  7500
epoch:  7600
epoch:  7700
epoch:  7800
epoch:  7900
epoch:  8000
epoch:  8100
epoch:  8200
epoch:  8300
epoch:  8400
epoch:  8500
epoch:  8600
epoch:  8700
epoch:  8800
epoch:  8900
epoch:  9000
epoch:  9100
epoch:  9200
epoch:  9300
epoch:  9400
epoch:  9500
epoch:  9600
epoch:  9700
epoch:  9800
epoch:  9900
epoch:  0
epoch:  100
epoch:  200
epoch:  300
epoch:  400
epoch:  500
epoch:  600
epoch:  700
epoch:  800
epoch:  900
epoch:  1000
epoch:  1100
epoch:  1200
epoch:  1300
epoch:  1400
epoch:  1500
epoch:  1600
epoch:  1700
epoch:  1800
epoch:  1900
epoch:  2000
epoch:  2100
epoch:  2200
epoch:  2300
epoch:  2400
epoch:  2500
epoch:  2600
epoch:  2700
epoch:  2800
epoch:  2900
epoch:  3000
epoch:  3100
epoch:  3200
epoch:  3300
epoch:  3400
epoch:  3500
epoch:  3600
epoch:  3700
epoch:  3800
epoch:  3900
epoch:  4000
epoch:  4100
epoch:  4200
epoch:  4300
epoch:  4400
epoch:  4500
epoch:  4600
epoch:  4700
epoch:  4800
epoch:  4900
epoch:  5000
epoch:  5100
epoch:  5200
epoch:  5300
epoch:  5400
epoch:  5500
epoch:  5600
epoch:  5700
epoch:  5800
epoch:  5900
epoch:  6000
epoch:  6100
epoch:  6200
epoch:  6300
epoch:  6400
epoch:  6500
epoch:  6600
epoch:  6700
epoch:  6800
epoch:  6900
epoch:  7000
epoch:  7100
epoch:  7200
epoch:  7300
epoch:  7400
epoch:  7500
epoch:  7600
epoch:  7700
epoch:  7800
epoch:  7900
epoch:  8000
epoch:  8100
epoch:  8200
epoch:  8300
epoch:  8400
epoch:  8500
epoch:  8600
epoch:  8700
epoch:  8800
epoch:  8900
epoch:  9000
epoch:  9100
epoch:  9200
epoch:  9300
epoch:  9400
epoch:  9500
epoch:  9600
epoch:  9700
epoch:  9800
epoch:  9900
