2021-11-19 20:35:54.613943: W tensorflow/stream_executor/platform/default/dso_loader.cc:64] Could not load dynamic library 'libcudart.so.11.0'; dlerror: libcudart.so.11.0: cannot open shared object file: No such file or directory
2021-11-19 20:35:54.613988: I tensorflow/stream_executor/cuda/cudart_stub.cc:29] Ignore above cudart dlerror if you do not have a GPU set up on your machine.
Number of points:  766
2021-11-19 20:36:00.503741: W tensorflow/stream_executor/platform/default/dso_loader.cc:64] Could not load dynamic library 'libcudart.so.11.0'; dlerror: libcudart.so.11.0: cannot open shared object file: No such file or directory
2021-11-19 20:36:00.504301: W tensorflow/stream_executor/platform/default/dso_loader.cc:64] Could not load dynamic library 'libcublas.so.11'; dlerror: libcublas.so.11: cannot open shared object file: No such file or directory
2021-11-19 20:36:00.504633: W tensorflow/stream_executor/platform/default/dso_loader.cc:64] Could not load dynamic library 'libcublasLt.so.11'; dlerror: libcublasLt.so.11: cannot open shared object file: No such file or directory
2021-11-19 20:36:00.504947: W tensorflow/stream_executor/platform/default/dso_loader.cc:64] Could not load dynamic library 'libcufft.so.10'; dlerror: libcufft.so.10: cannot open shared object file: No such file or directory
2021-11-19 20:36:00.505350: W tensorflow/stream_executor/platform/default/dso_loader.cc:64] Could not load dynamic library 'libcurand.so.10'; dlerror: libcurand.so.10: cannot open shared object file: No such file or directory
2021-11-19 20:36:00.505659: W tensorflow/stream_executor/platform/default/dso_loader.cc:64] Could not load dynamic library 'libcusolver.so.11'; dlerror: libcusolver.so.11: cannot open shared object file: No such file or directory
2021-11-19 20:36:00.505957: W tensorflow/stream_executor/platform/default/dso_loader.cc:64] Could not load dynamic library 'libcusparse.so.11'; dlerror: libcusparse.so.11: cannot open shared object file: No such file or directory
2021-11-19 20:36:00.506252: W tensorflow/stream_executor/platform/default/dso_loader.cc:64] Could not load dynamic library 'libcudnn.so.8'; dlerror: libcudnn.so.8: cannot open shared object file: No such file or directory
2021-11-19 20:36:00.506269: W tensorflow/core/common_runtime/gpu/gpu_device.cc:1850] Cannot dlopen some GPU libraries. Please make sure the missing libraries mentioned above are installed properly if you would like to use GPU. Follow the guide at https://www.tensorflow.org/install/gpu for how to download and setup the required libraries for your platform.
Skipping registering GPU devices...
2021-11-19 20:36:00.506703: I tensorflow/core/platform/cpu_feature_guard.cc:151] This TensorFlow binary is optimized with oneAPI Deep Neural Network Library (oneDNN) to use the following CPU instructions in performance-critical operations:  AVX2 AVX512F FMA
To enable them in other operations, rebuild TensorFlow with the appropriate compiler flags.
epoch:  0
epoch:  100
epoch:  200
epoch:  300
epoch:  400
epoch:  500
epoch:  600
epoch:  700
epoch:  800
epoch:  900
epoch:  1000
epoch:  1100
epoch:  1200
epoch:  1300
epoch:  1400
epoch:  1500
epoch:  1600
epoch:  1700
epoch:  1800
epoch:  1900
epoch:  2000
epoch:  2100
epoch:  2200
epoch:  2300
epoch:  2400
epoch:  2500
epoch:  2600
epoch:  2700
epoch:  2800
epoch:  2900
Traceback (most recent call last):
  File "/home/lcur0267/SymplecticTimeReversibleNN/HenonHeiles/RealNVP.py", line 433, in <module>
    for i in iterations1:
NameError: name 'iterations1' is not defined
srun: error: r30n1: task 0: Exited with exit code 1
