2021-11-20 18:35:34.857538: W tensorflow/stream_executor/platform/default/dso_loader.cc:64] Could not load dynamic library 'libcudart.so.11.0'; dlerror: libcudart.so.11.0: cannot open shared object file: No such file or directory
2021-11-20 18:35:34.857578: I tensorflow/stream_executor/cuda/cudart_stub.cc:29] Ignore above cudart dlerror if you do not have a GPU set up on your machine.
2021-11-20 18:35:41.348519: W tensorflow/stream_executor/platform/default/dso_loader.cc:64] Could not load dynamic library 'libcudart.so.11.0'; dlerror: libcudart.so.11.0: cannot open shared object file: No such file or directory
2021-11-20 18:35:41.349239: W tensorflow/stream_executor/platform/default/dso_loader.cc:64] Could not load dynamic library 'libcublas.so.11'; dlerror: libcublas.so.11: cannot open shared object file: No such file or directory
2021-11-20 18:35:41.349614: W tensorflow/stream_executor/platform/default/dso_loader.cc:64] Could not load dynamic library 'libcublasLt.so.11'; dlerror: libcublasLt.so.11: cannot open shared object file: No such file or directory
2021-11-20 18:35:41.349909: W tensorflow/stream_executor/platform/default/dso_loader.cc:64] Could not load dynamic library 'libcufft.so.10'; dlerror: libcufft.so.10: cannot open shared object file: No such file or directory
2021-11-20 18:35:41.350206: W tensorflow/stream_executor/platform/default/dso_loader.cc:64] Could not load dynamic library 'libcurand.so.10'; dlerror: libcurand.so.10: cannot open shared object file: No such file or directory
2021-11-20 18:35:41.350503: W tensorflow/stream_executor/platform/default/dso_loader.cc:64] Could not load dynamic library 'libcusolver.so.11'; dlerror: libcusolver.so.11: cannot open shared object file: No such file or directory
2021-11-20 18:35:41.350798: W tensorflow/stream_executor/platform/default/dso_loader.cc:64] Could not load dynamic library 'libcusparse.so.11'; dlerror: libcusparse.so.11: cannot open shared object file: No such file or directory
2021-11-20 18:35:41.351095: W tensorflow/stream_executor/platform/default/dso_loader.cc:64] Could not load dynamic library 'libcudnn.so.8'; dlerror: libcudnn.so.8: cannot open shared object file: No such file or directory
2021-11-20 18:35:41.351113: W tensorflow/core/common_runtime/gpu/gpu_device.cc:1850] Cannot dlopen some GPU libraries. Please make sure the missing libraries mentioned above are installed properly if you would like to use GPU. Follow the guide at https://www.tensorflow.org/install/gpu for how to download and setup the required libraries for your platform.
Skipping registering GPU devices...
2021-11-20 18:35:41.351543: I tensorflow/core/platform/cpu_feature_guard.cc:151] This TensorFlow binary is optimized with oneAPI Deep Neural Network Library (oneDNN) to use the following CPU instructions in performance-critical operations:  AVX2 AVX512F FMA
To enable them in other operations, rebuild TensorFlow with the appropriate compiler flags.
epoch:  0
epoch:  100
epoch:  200
epoch:  300
epoch:  400
epoch:  500
epoch:  600
epoch:  700
2021-11-20 18:37:11.308735: W tensorflow/core/data/root_dataset.cc:163] Optimization loop failed: CANCELLED: Operation was cancelled
2021-11-20 18:37:12.368426: W tensorflow/core/data/root_dataset.cc:163] Optimization loop failed: CANCELLED: Operation was cancelled
epoch:  800
epoch:  900
epoch:  1000
epoch:  1100
epoch:  1200
epoch:  1300
2021-11-20 18:37:43.342057: W tensorflow/core/data/root_dataset.cc:163] Optimization loop failed: CANCELLED: Operation was cancelled
epoch:  1400
epoch:  1500
2021-11-20 18:37:50.637929: W tensorflow/core/data/root_dataset.cc:163] Optimization loop failed: CANCELLED: Operation was cancelled
epoch:  1600
epoch:  1700
epoch:  1800
epoch:  1900
2021-11-20 18:38:06.749442: W tensorflow/core/data/root_dataset.cc:163] Optimization loop failed: CANCELLED: Operation was cancelled
epoch:  2000
epoch:  2100
epoch:  2200
epoch:  2300
epoch:  2400
2021-11-20 18:38:24.422633: W tensorflow/core/data/root_dataset.cc:163] Optimization loop failed: CANCELLED: Operation was cancelled
epoch:  2500
epoch:  2600
2021-11-20 18:38:30.983486: W tensorflow/core/data/root_dataset.cc:163] Optimization loop failed: CANCELLED: Operation was cancelled
epoch:  2700
epoch:  2800
2021-11-20 18:38:39.932837: W tensorflow/core/data/root_dataset.cc:163] Optimization loop failed: CANCELLED: Operation was cancelled
epoch:  2900
